mode: set
github.com/imbaky/PatientFocus/backend/domain/handlers/doctor.go:12.35,16.16 4 1
github.com/imbaky/PatientFocus/backend/domain/handlers/doctor.go:21.2,22.16 2 1
github.com/imbaky/PatientFocus/backend/domain/handlers/doctor.go:27.2,29.16 3 1
github.com/imbaky/PatientFocus/backend/domain/handlers/doctor.go:34.2,35.26 1 1
github.com/imbaky/PatientFocus/backend/domain/handlers/doctor.go:16.16,20.3 2 1
github.com/imbaky/PatientFocus/backend/domain/handlers/doctor.go:22.16,26.3 2 1
github.com/imbaky/PatientFocus/backend/domain/handlers/doctor.go:29.16,33.3 2 0
github.com/imbaky/PatientFocus/backend/domain/handlers/document.go:26.34,32.16 5 1
github.com/imbaky/PatientFocus/backend/domain/handlers/document.go:38.2,41.5 1 1
github.com/imbaky/PatientFocus/backend/domain/handlers/document.go:32.16,36.3 2 0
github.com/imbaky/PatientFocus/backend/domain/handlers/document.go:47.37,52.16 4 0
github.com/imbaky/PatientFocus/backend/domain/handlers/document.go:58.2,65.16 7 0
github.com/imbaky/PatientFocus/backend/domain/handlers/document.go:71.2,72.22 2 0
github.com/imbaky/PatientFocus/backend/domain/handlers/document.go:77.2,78.16 2 0
github.com/imbaky/PatientFocus/backend/domain/handlers/document.go:84.2,87.5 1 0
github.com/imbaky/PatientFocus/backend/domain/handlers/document.go:52.16,56.3 2 0
github.com/imbaky/PatientFocus/backend/domain/handlers/document.go:65.16,69.3 2 0
github.com/imbaky/PatientFocus/backend/domain/handlers/document.go:72.22,75.3 2 0
github.com/imbaky/PatientFocus/backend/domain/handlers/document.go:78.16,82.3 2 0
github.com/imbaky/PatientFocus/backend/domain/handlers/document.go:92.36,97.16 5 1
github.com/imbaky/PatientFocus/backend/domain/handlers/document.go:102.2,105.23 3 1
github.com/imbaky/PatientFocus/backend/domain/handlers/document.go:113.2,114.16 2 1
github.com/imbaky/PatientFocus/backend/domain/handlers/document.go:120.2,121.16 2 0
github.com/imbaky/PatientFocus/backend/domain/handlers/document.go:127.2,128.16 2 0
github.com/imbaky/PatientFocus/backend/domain/handlers/document.go:133.2,134.16 2 0
github.com/imbaky/PatientFocus/backend/domain/handlers/document.go:140.2,140.48 1 0
github.com/imbaky/PatientFocus/backend/domain/handlers/document.go:144.2,145.16 2 0
github.com/imbaky/PatientFocus/backend/domain/handlers/document.go:150.2,150.32 1 0
github.com/imbaky/PatientFocus/backend/domain/handlers/document.go:97.16,101.3 2 0
github.com/imbaky/PatientFocus/backend/domain/handlers/document.go:105.23,108.3 2 0
github.com/imbaky/PatientFocus/backend/domain/handlers/document.go:108.3,108.29 1 1
github.com/imbaky/PatientFocus/backend/domain/handlers/document.go:108.29,111.3 2 0
github.com/imbaky/PatientFocus/backend/domain/handlers/document.go:114.16,118.3 2 1
github.com/imbaky/PatientFocus/backend/domain/handlers/document.go:121.16,125.3 2 0
github.com/imbaky/PatientFocus/backend/domain/handlers/document.go:128.16,132.3 2 0
github.com/imbaky/PatientFocus/backend/domain/handlers/document.go:134.16,138.3 2 0
github.com/imbaky/PatientFocus/backend/domain/handlers/document.go:140.48,142.3 1 0
github.com/imbaky/PatientFocus/backend/domain/handlers/document.go:145.16,149.3 2 0
github.com/imbaky/PatientFocus/backend/domain/handlers/document.go:155.41,161.16 5 0
github.com/imbaky/PatientFocus/backend/domain/handlers/document.go:167.2,168.16 2 0
github.com/imbaky/PatientFocus/backend/domain/handlers/document.go:174.2,175.16 2 0
github.com/imbaky/PatientFocus/backend/domain/handlers/document.go:181.2,182.16 2 0
github.com/imbaky/PatientFocus/backend/domain/handlers/document.go:188.2,189.32 2 0
github.com/imbaky/PatientFocus/backend/domain/handlers/document.go:192.2,196.3 1 0
github.com/imbaky/PatientFocus/backend/domain/handlers/document.go:161.16,165.3 2 0
github.com/imbaky/PatientFocus/backend/domain/handlers/document.go:168.16,172.3 2 0
github.com/imbaky/PatientFocus/backend/domain/handlers/document.go:175.16,179.3 2 0
github.com/imbaky/PatientFocus/backend/domain/handlers/document.go:182.16,186.3 2 0
github.com/imbaky/PatientFocus/backend/domain/handlers/document.go:189.32,191.3 1 0
github.com/imbaky/PatientFocus/backend/domain/handlers/patient.go:12.36,17.16 4 1
github.com/imbaky/PatientFocus/backend/domain/handlers/patient.go:22.2,23.16 2 1
github.com/imbaky/PatientFocus/backend/domain/handlers/patient.go:28.2,30.16 3 1
github.com/imbaky/PatientFocus/backend/domain/handlers/patient.go:35.2,41.46 1 1
github.com/imbaky/PatientFocus/backend/domain/handlers/patient.go:17.16,21.3 2 1
github.com/imbaky/PatientFocus/backend/domain/handlers/patient.go:23.16,27.3 2 1
github.com/imbaky/PatientFocus/backend/domain/handlers/patient.go:30.16,34.3 2 0
github.com/imbaky/PatientFocus/backend/domain/handlers/user.go:17.33,21.16 3 1
github.com/imbaky/PatientFocus/backend/domain/handlers/user.go:27.2,28.16 2 1
github.com/imbaky/PatientFocus/backend/domain/handlers/user.go:34.2,36.4 1 1
github.com/imbaky/PatientFocus/backend/domain/handlers/user.go:21.16,25.3 2 1
github.com/imbaky/PatientFocus/backend/domain/handlers/user.go:28.16,32.3 2 0
github.com/imbaky/PatientFocus/backend/domain/handlers/user.go:40.30,45.16 4 1
github.com/imbaky/PatientFocus/backend/domain/handlers/user.go:50.2,50.45 1 1
github.com/imbaky/PatientFocus/backend/domain/handlers/user.go:45.16,49.3 2 1
github.com/imbaky/PatientFocus/backend/domain/handlers/user.go:54.28,58.16 3 1
github.com/imbaky/PatientFocus/backend/domain/handlers/user.go:64.2,65.16 2 1
github.com/imbaky/PatientFocus/backend/domain/handlers/user.go:71.2,72.16 2 1
github.com/imbaky/PatientFocus/backend/domain/handlers/user.go:78.2,78.34 1 1
github.com/imbaky/PatientFocus/backend/domain/handlers/user.go:58.16,62.3 2 1
github.com/imbaky/PatientFocus/backend/domain/handlers/user.go:65.16,69.3 2 1
github.com/imbaky/PatientFocus/backend/domain/handlers/user.go:72.16,76.3 2 0
